<?xml version="1.0" encoding="UTF-8" ?>
<testsuite errors="0" skipped="0" tests="89" time="194.48" failures="0" name="org.antlr.test.TestRewriteAST">
  <properties>
    <property value="Apple Inc." name="java.vendor"/>
    <property value="/Users/parrt/.m2/repository" name="localRepository"/>
    <property value="SUN_STANDARD" name="sun.java.launcher"/>
    <property value="HotSpot Client Compiler" name="sun.management.compiler"/>
    <property value="69ef00" name="env.SECURITYSESSIONID"/>
    <property value="true" name="env.DYLD_NO_FIX_PREBINDING"/>
    <property value="Mac OS X" name="os.name"/>
    <property value="/System/Library/Frameworks/JavaVM.framework/Versions/1.5.0/Classes/classes.jar:/System/Library/Frameworks/JavaVM.framework/Versions/1.5.0/Classes/ui.jar:/System/Library/Frameworks/JavaVM.framework/Versions/1.5.0/Classes/laf.jar:/System/Library/Frameworks/JavaVM.framework/Versions/1.5.0/Classes/sunrsasign.jar:/System/Library/Frameworks/JavaVM.framework/Versions/1.5.0/Classes/jsse.jar:/System/Library/Frameworks/JavaVM.framework/Versions/1.5.0/Classes/jce.jar:/System/Library/Frameworks/JavaVM.framework/Versions/1.5.0/Classes/charsets.jar" name="sun.boot.class.path"/>
    <property value="/var/folders/GB/GBAjm2lZ2RWWFk+8ZMYFYU+++TM/-Tmp-/" name="env.TMPDIR"/>
    <property value="/Users/parrt/antlr/code/antlr/release-3.1.2" name="env.PWD"/>
    <property value="en_US.UTF-8" name="env.LANG"/>
    <property value="Sun Microsystems Inc." name="java.vm.specification.vendor"/>
    <property value="1.5.0_16-b06-284" name="java.runtime.version"/>
    <property value="/tmp/launch-Haknqx/Render" name="env.Apple_PubSub_Socket_Render"/>
    <property value="/tmp/launch-aGC1Fw/:0" name="env.DISPLAY"/>
    <property value="parrt" name="user.name"/>
    <property value="parrt" name="env.USER"/>
    <property value="org.codehaus.classworlds.Launcher" name="env.JAVA_MAIN_CLASS_74888"/>
    <property value="/bin/bash" name="env.SHELL"/>
    <property value="0x1F6:0:0" name="env.__CF_USER_TEXT_ENCODING"/>
    <property value="true" name="awt.nativeDoubleBuffering"/>
    <property value="/usr/local/bin:/usr/local/teTeX/bin/i386-apple-darwin-current:/opt/local/bin:/usr/local/bin:/usr/local/teTeX/bin/i386-apple-darwin-current:/opt/local/bin:/usr/local/bin:/usr/local/teTeX/bin/i386-apple-darwin-current:/opt/local/bin:/usr/local/bin:/usr/local/teTeX/bin/i386-apple-darwin-current:/opt/local/bin:/usr/local/bin:/usr/local/teTeX/bin/i386-apple-darwin-current:/opt/local/bin:/usr/local/bin:/usr/local/teTeX/bin/i386-apple-darwin-current:/opt/local/bin:/usr/bin:/bin:/usr/sbin:/sbin:/usr/local/bin:/usr/X11/bin:/usr/texbin:/usr/local/bin" name="env.PATH"/>
    <property value="en" name="user.language"/>
    <property value="/System/Library/Frameworks/JavaVM.framework/Versions/1.5.0/Libraries" name="sun.boot.library.path"/>
    <property value="/opt/local/share/java/maven2/bin/m2.conf" name="classworlds.conf"/>
    <property value="1.5.0_16" name="java.version"/>
    <property value="America/Los_Angeles" name="user.timezone"/>
    <property value="32" name="sun.arch.data.model"/>
    <property value="local|*.local|169.254/16|*.169.254/16" name="http.nonProxyHosts"/>
    <property value="/System/Library/Frameworks/JavaVM.framework/Versions/1.5.0/Home/lib/endorsed" name="java.endorsed.dirs"/>
    <property value="" name="sun.cpu.isalist"/>
    <property value="MacRoman" name="sun.jnu.encoding"/>
    <property value="sun.io" name="file.encoding.pkg"/>
    <property value="1" name="env.SHLVL"/>
    <property value="/" name="file.separator"/>
    <property value="Java Platform API Specification" name="java.specification.name"/>
    <property value="49.0" name="java.class.version"/>
    <property value="US" name="user.country"/>
    <property value="/System/Library/Frameworks/JavaVM.framework/Versions/1.5.0/Home" name="java.home"/>
    <property value="mixed mode, sharing" name="java.vm.info"/>
    <property value="parrt" name="env.LOGNAME"/>
    <property value="10.5.6" name="os.version"/>
    <property value="240" name="env.TERM_PROGRAM_VERSION"/>
    <property value=":" name="path.separator"/>
    <property value="1.5.0_16-133" name="java.vm.version"/>
    <property value="apple.awt.CPrinterJob" name="java.awt.printerjob"/>
    <property value="xterm-color" name="env.TERM"/>
    <property value="UnicodeLittle" name="sun.io.unicode.encoding"/>
    <property value="apple.awt.CToolkit" name="awt.toolkit"/>
    <property value="local|*.local|169.254/16|*.169.254/16" name="socksNonProxyHosts"/>
    <property value="local|*.local|169.254/16|*.169.254/16" name="ftp.nonProxyHosts"/>
    <property value="/sw/share/man:/usr/local/man:/usr/share/man:/usr/X11R6/man:/Library/Frameworks/Mono.framework/Versions/Current/man" name="env.MANPATH"/>
    <property value="/Users/parrt" name="user.home"/>
    <property value="/Users/parrt/antlr/code/antlr/release-3.1.2" name="env.OLDPWD"/>
    <property value="Sun Microsystems Inc." name="java.specification.vendor"/>
    <property value=".:/usr/local/lib/javax.servlet.jar:/System/Library/Frameworks/JavaVM.framework/Versions/CurrentJDK/Classes/classes.jar:/System/Library/Frameworks/JavaVM.framework/Versions/CurrentJDK/Classes/ui.jar:/Users/parrt/research/projects/Util/main:/Users/parrt/research/projects/TML/main:/Users/parrt/research/lime/main/src:/usr/local/site/lime/lib/jars/commons-fileupload-1.0-rc1.jar:/Users/parrt/antlr/code/org.antlr/main/main:/Users/parrt/antlr/code/usf/jprof:/usr/local/lib/junit.jar:/Users/parrt/USF/depot/flashmob/main/src:/Users/parrt/research/stsite/main/src:/Users/parrt/antlr/code/antlr/main/build:/Users/parrt/antlr/code/antlr/main/src/main/resources:/Users/parrt/antlr/code/antlr/main/runtime/Java/src:/Users/parrt/antlr/code/stringtemplate/java/main/src/:/usr/local/lib/CafeBabe.jar:/usr/local/lib/jasmin.jar:/usr/local/site/lime/lib/jars/pageforge-1.0.4.jar:/usr/local/lib/clover.jar:/Users/parrt/USF/advising/reports/code:/Users/parrt/antlr/code/antlrworks/main/lib/jgoodies.jar:/Users/parrt/antlr/code/mantra/main/runtime/src:/Users/parrt/antlr/code/mantra/main/src:/usr/local/lib/jetty-6.1.6rc0.jar:/usr/local/lib/jetty-util-6.1.6rc0.jar:/usr/local/lib/servlet-api-2.5-6.1.6rc0.jar:/usr/local/lib/jetty-6.1.6rc0.jar:/usr/local/lib/jetty-util-6.1.6rc0.jar:/usr/local/lib/servlet-api-2.5-6.1.6rc0.jar:/usr/local/lib/jburg.jar:/usr/local/lib/resin.jar:/usr/local/lib/gunit-1.0.2.jar:/Users/parrt/antlr/code/antlrworks/main/src:/Users/parrt/antlr/code/morph/main/src" name="env.CLASSPATH"/>
    <property value="Apple_Terminal" name="env.TERM_PROGRAM"/>
    <property value=".:/Library/Java/Extensions:/System/Library/Java/Extensions:/usr/lib/java" name="java.library.path"/>
    <property value="http://www.apple.com/" name="java.vendor.url"/>
    <property value="vi" name="env.SVN_EDITOR"/>
    <property value="Apple Inc." name="java.vm.vendor"/>
    <property value="false" name="gopherProxySet"/>
    <property value="/opt/local/share/java/maven2" name="maven.home"/>
    <property value="Java(TM) 2 Runtime Environment, Standard Edition" name="java.runtime.name"/>
    <property value="/opt/local/share/java/maven2/boot/classworlds-1.1.jar" name="java.class.path"/>
    <property value="Java Virtual Machine Specification" name="java.vm.specification.name"/>
    <property value="1.0" name="java.vm.specification.version"/>
    <property value="little" name="sun.cpu.endian"/>
    <property value="unknown" name="sun.os.patch.level"/>
    <property value="/Users/parrt" name="env.HOME"/>
    <property value="/Users/parrt/antlr/code/antlr/release-3.1.2/target/test-classes:/Users/parrt/antlr/code/antlr/release-3.1.2/target/classes:/Users/parrt/.m2/repository/junit/junit/4.5/junit-4.5.jar:/Users/parrt/.m2/repository/antlr/antlr/2.7.7/antlr-2.7.7.jar:/Users/parrt/.m2/repository/org/antlr/stringtemplate/3.2/stringtemplate-3.2.jar:/Users/parrt/.m2/repository/org/antlr/antlr-runtime/3.1.2/antlr-runtime-3.1.2.jar:/Users/parrt/.m2/repository/org/antlr/gunit/1.0.5/gunit-1.0.5.jar:" name="surefire.test.class.path"/>
    <property value="/tmp" name="java.io.tmpdir"/>
    <property value="http://bugreport.apple.com/" name="java.vendor.url.bug"/>
    <property value="/Users/parrt/vw7.6nc" name="env.VISUALWORKS"/>
    <property value="/tmp/launch-TDMtQd/Listeners" name="env.SSH_AUTH_SOCK"/>
    <property value="unix2003" name="env.COMMAND_MODE"/>
    <property value="apple.awt.CGraphicsEnvironment" name="java.awt.graphicsenv"/>
    <property value="i386" name="os.arch"/>
    <property value="/Library/Java/Extensions:/System/Library/Java/Extensions:/System/Library/Frameworks/JavaVM.framework/Versions/1.5.0/Home/lib/ext" name="java.ext.dirs"/>
    <property value="/Users/parrt/antlr/code/antlr/release-3.1.2" name="user.dir"/>
    <property value="1050.1.5.0_16-284" name="mrj.version"/>
    <property value="
" name="line.separator"/>
    <property value="Java HotSpot(TM) Client VM" name="java.vm.name"/>
    <property value=".p4" name="env.P4CONFIG"/>
    <property value="/Users/parrt/antlr/code/antlr/release-3.1.2" name="basedir"/>
    <property value="MacRoman" name="file.encoding"/>
    <property value="1.5" name="java.specification.version"/>
  </properties>
  <testcase classname="org.antlr.test.TestRewriteAST" time="2.19" name="testSet"/>
  <testcase classname="org.antlr.test.TestRewriteAST" time="2.108" name="testRuleLabel"/>
  <testcase classname="org.antlr.test.TestRewriteAST" time="2.084" name="testWildcard"/>
  <testcase classname="org.antlr.test.TestRewriteAST" time="2.162" name="testRuleListLabel"/>
  <testcase classname="org.antlr.test.TestRewriteAST" time="2.12" name="testComplicatedMelange"/>
  <testcase classname="org.antlr.test.TestRewriteAST" time="2.161" name="testExtraTokenInSimpleDecl"/>
  <testcase classname="org.antlr.test.TestRewriteAST" time="2.137" name="testMissingIDInSimpleDecl"/>
  <testcase classname="org.antlr.test.TestRewriteAST" time="2.216" name="testMissingSetInSimpleDecl"/>
  <testcase classname="org.antlr.test.TestRewriteAST" time="2.106" name="testMissingTokenGivesErrorNode"/>
  <testcase classname="org.antlr.test.TestRewriteAST" time="2.158" name="testExtraTokenGivesErrorNode"/>
  <testcase classname="org.antlr.test.TestRewriteAST" time="2.078" name="testMissingFirstTokenGivesErrorNode"/>
  <testcase classname="org.antlr.test.TestRewriteAST" time="2.134" name="testMissingFirstTokenGivesErrorNode2"/>
  <testcase classname="org.antlr.test.TestRewriteAST" time="2.237" name="testNoViableAltGivesErrorNode"/>
  <testcase classname="org.antlr.test.TestRewriteAST" time="2.085" name="testDelete"/>
  <testcase classname="org.antlr.test.TestRewriteAST" time="2.121" name="testSingleToken"/>
  <testcase classname="org.antlr.test.TestRewriteAST" time="2.135" name="testSingleTokenToNewNode"/>
  <testcase classname="org.antlr.test.TestRewriteAST" time="2.196" name="testSingleTokenToNewNodeRoot"/>
  <testcase classname="org.antlr.test.TestRewriteAST" time="20.533" name="testSingleTokenToNewNode2"/>
  <testcase classname="org.antlr.test.TestRewriteAST" time="2.131" name="testSingleCharLiteral"/>
  <testcase classname="org.antlr.test.TestRewriteAST" time="2.146" name="testSingleStringLiteral"/>
  <testcase classname="org.antlr.test.TestRewriteAST" time="2.095" name="testSingleRule"/>
  <testcase classname="org.antlr.test.TestRewriteAST" time="2.122" name="testReorderTokens"/>
  <testcase classname="org.antlr.test.TestRewriteAST" time="2.199" name="testReorderTokenAndRule"/>
  <testcase classname="org.antlr.test.TestRewriteAST" time="2.115" name="testTokenTree"/>
  <testcase classname="org.antlr.test.TestRewriteAST" time="2.168" name="testTokenTreeAfterOtherStuff"/>
  <testcase classname="org.antlr.test.TestRewriteAST" time="2.117" name="testNestedTokenTreeWithOuterLoop"/>
  <testcase classname="org.antlr.test.TestRewriteAST" time="2.142" name="testOptionalSingleToken"/>
  <testcase classname="org.antlr.test.TestRewriteAST" time="2.127" name="testClosureSingleToken"/>
  <testcase classname="org.antlr.test.TestRewriteAST" time="2.116" name="testPositiveClosureSingleToken"/>
  <testcase classname="org.antlr.test.TestRewriteAST" time="2.117" name="testOptionalSingleRule"/>
  <testcase classname="org.antlr.test.TestRewriteAST" time="2.111" name="testClosureSingleRule"/>
  <testcase classname="org.antlr.test.TestRewriteAST" time="2.142" name="testClosureOfLabel"/>
  <testcase classname="org.antlr.test.TestRewriteAST" time="2.134" name="testOptionalLabelNoListLabel"/>
  <testcase classname="org.antlr.test.TestRewriteAST" time="2.103" name="testPositiveClosureSingleRule"/>
  <testcase classname="org.antlr.test.TestRewriteAST" time="2.109" name="testSinglePredicateT"/>
  <testcase classname="org.antlr.test.TestRewriteAST" time="2.096" name="testSinglePredicateF"/>
  <testcase classname="org.antlr.test.TestRewriteAST" time="2.146" name="testMultiplePredicate"/>
  <testcase classname="org.antlr.test.TestRewriteAST" time="2.142" name="testMultiplePredicateTrees"/>
  <testcase classname="org.antlr.test.TestRewriteAST" time="2.167" name="testSimpleTree"/>
  <testcase classname="org.antlr.test.TestRewriteAST" time="2.104" name="testSimpleTree2"/>
  <testcase classname="org.antlr.test.TestRewriteAST" time="2.12" name="testNestedTrees"/>
  <testcase classname="org.antlr.test.TestRewriteAST" time="2.149" name="testImaginaryTokenCopy"/>
  <testcase classname="org.antlr.test.TestRewriteAST" time="2.092" name="testTokenUnreferencedOnLeftButDefined"/>
  <testcase classname="org.antlr.test.TestRewriteAST" time="2.158" name="testImaginaryTokenCopySetText"/>
  <testcase classname="org.antlr.test.TestRewriteAST" time="2.112" name="testImaginaryTokenNoCopyFromToken"/>
  <testcase classname="org.antlr.test.TestRewriteAST" time="2.128" name="testImaginaryTokenNoCopyFromTokenSetText"/>
  <testcase classname="org.antlr.test.TestRewriteAST" time="2.213" name="testMixedRewriteAndAutoAST"/>
  <testcase classname="org.antlr.test.TestRewriteAST" time="2.177" name="testSubruleWithRewrite"/>
  <testcase classname="org.antlr.test.TestRewriteAST" time="2.147" name="testSubruleWithRewrite2"/>
  <testcase classname="org.antlr.test.TestRewriteAST" time="2.128" name="testNestedRewriteShutsOffAutoAST"/>
  <testcase classname="org.antlr.test.TestRewriteAST" time="2.173" name="testRewriteActions"/>
  <testcase classname="org.antlr.test.TestRewriteAST" time="2.147" name="testRewriteActions2"/>
  <testcase classname="org.antlr.test.TestRewriteAST" time="2.193" name="testRefToOldValue"/>
  <testcase classname="org.antlr.test.TestRewriteAST" time="2.093" name="testCopySemanticsForRules"/>
  <testcase classname="org.antlr.test.TestRewriteAST" time="2.15" name="testCopySemanticsForRules2"/>
  <testcase classname="org.antlr.test.TestRewriteAST" time="2.114" name="testCopySemanticsForRules3"/>
  <testcase classname="org.antlr.test.TestRewriteAST" time="2.178" name="testCopySemanticsForRules3Double"/>
  <testcase classname="org.antlr.test.TestRewriteAST" time="2.16" name="testCopySemanticsForRules4"/>
  <testcase classname="org.antlr.test.TestRewriteAST" time="2.099" name="testCopySemanticsLists"/>
  <testcase classname="org.antlr.test.TestRewriteAST" time="2.113" name="testCopyRuleLabel"/>
  <testcase classname="org.antlr.test.TestRewriteAST" time="2.098" name="testCopyRuleLabel2"/>
  <testcase classname="org.antlr.test.TestRewriteAST" time="2.142" name="testQueueingOfTokens"/>
  <testcase classname="org.antlr.test.TestRewriteAST" time="2.13" name="testCopyOfTokens"/>
  <testcase classname="org.antlr.test.TestRewriteAST" time="2.106" name="testTokenCopyInLoop"/>
  <testcase classname="org.antlr.test.TestRewriteAST" time="2.138" name="testTokenCopyInLoopAgainstTwoOthers"/>
  <testcase classname="org.antlr.test.TestRewriteAST" time="2.144" name="testListRefdOneAtATime"/>
  <testcase classname="org.antlr.test.TestRewriteAST" time="2.131" name="testSplitListWithLabels"/>
  <testcase classname="org.antlr.test.TestRewriteAST" time="2.147" name="testAmbiguousRule"/>
  <testcase classname="org.antlr.test.TestRewriteAST" time="0.114" name="testWeirdRuleRef"/>
  <testcase classname="org.antlr.test.TestRewriteAST" time="2.1" name="testRuleListLabel2"/>
  <testcase classname="org.antlr.test.TestRewriteAST" time="2.165" name="testOptional"/>
  <testcase classname="org.antlr.test.TestRewriteAST" time="2.144" name="testOptional2"/>
  <testcase classname="org.antlr.test.TestRewriteAST" time="2.147" name="testOptional3"/>
  <testcase classname="org.antlr.test.TestRewriteAST" time="2.158" name="testOptional4"/>
  <testcase classname="org.antlr.test.TestRewriteAST" time="2.151" name="testOptional5"/>
  <testcase classname="org.antlr.test.TestRewriteAST" time="2.181" name="testArbitraryExprType"/>
  <testcase classname="org.antlr.test.TestRewriteAST" time="2.13" name="testSet2"/>
  <testcase classname="org.antlr.test.TestRewriteAST" time="2.117" name="testRewriteAction"/>
  <testcase classname="org.antlr.test.TestRewriteAST" time="2.198" name="testOptionalSubruleWithoutRealElements"/>
  <testcase classname="org.antlr.test.TestRewriteAST" time="2.17" name="testCardinality"/>
  <testcase classname="org.antlr.test.TestRewriteAST" time="2.165" name="testCardinality2"/>
  <testcase classname="org.antlr.test.TestRewriteAST" time="2.11" name="testCardinality3"/>
  <testcase classname="org.antlr.test.TestRewriteAST" time="2.154" name="testLoopCardinality"/>
  <testcase classname="org.antlr.test.TestRewriteAST" time="0.076" name="testUnknownRule"/>
  <testcase classname="org.antlr.test.TestRewriteAST" time="0.077" name="testKnownRuleButNotInLHS"/>
  <testcase classname="org.antlr.test.TestRewriteAST" time="0.074" name="testUnknownToken"/>
  <testcase classname="org.antlr.test.TestRewriteAST" time="0.109" name="testUnknownLabel"/>
  <testcase classname="org.antlr.test.TestRewriteAST" time="0.074" name="testUnknownCharLiteralToken"/>
  <testcase classname="org.antlr.test.TestRewriteAST" time="0.074" name="testUnknownStringLiteralToken"/>
</testsuite>